seed=1725922792
seed2=0
L=4
nstep=1000
tw=100
Jz=0
eps=0
alpha=0
Sz=0
pbc=1
type=1
beta=10
tau=0.001
Jxy=1
wc=10
ss=1
              1              0              0              1
              2         0.0001              0        -0.5206
              3        0.00015              0        -0.2041
              4          5e-05              0         0.5531
              5        0.00015              0        -0.5851
              6         0.0002              0        -0.0568
              7          5e-05              0        -0.0211
              8          5e-05              0         0.6359
              9              0              0        -0.1818
             10         0.0001              0        -0.1524
             11         0.0001              0         -0.003
             12         0.0001              0         -0.003
             13        0.00015              0         0.6673
             14        0.00015              0         0.1207
             15         0.0002              0         0.0724
             16         0.0001              0        -0.2348
             17        0.00015              0        -0.1365
             18        0.00015              0         0.1139
             19        0.00015              0        -0.1773
             20        0.00015              0        -0.1671
             21         0.0001              0         0.4028
             22         0.0001              0        -0.4028
             23         0.0001              0        -0.6766
             24         0.0001              0        -0.6766
             25        0.00015              0        -0.0575
             26        0.00025              0         0.1533
             27        0.00045              0        -0.0315
             28        0.00045              0         0.0639
             29         0.0004              0         -0.093
             30         0.0004              0         0.0234
             31        0.00045              0         0.0187
             32        0.00045              0         0.0187
             33         0.0005              0          0.172
             34        0.00045              0        -0.0745
             35        0.00035              0         0.3641
             36        0.00025              0         0.4121
             37        0.00035              0        -0.2693
             38        0.00025              0         0.6499
             39        0.00025              0         0.2813
             40         0.0003              0        -0.0426
             41        0.00025              0         0.3255
             42        0.00025              0         0.1457
             43        0.00025              0        -0.2451
             44        0.00015              0         0.0719
             45        0.00025              0        -0.0459
             46        0.00015              0         0.1923
             47         0.0001              0          0.186
             48         0.0001              0        -0.1804
             49        0.00025              0        -0.2395
             50         0.0003              0         0.4468
             51         0.0003              0         0.4468
             52         0.0003              0          0.115
             53        0.00045              0         0.1361
             54         0.0004              0          0.304
             55         0.0003              0         0.2556
             56        0.00025              0        -0.0181
             57          5e-05              0        -0.7583
             58          5e-05              0        -0.2945
             59          5e-05              0         0.0735
             60          5e-05              0        -0.2971
             61          5e-05              0        -0.5971
             62         0.0002              0        -0.3076
             63         0.0002              0         -0.018
             64        0.00015              0        -0.0495
             65         0.0002              0          0.431
             66        0.00025              0        -0.1241
             67        0.00025              0        -0.0171
             68         0.0002              0          0.013
             69        0.00015              0        -0.2669
             70         0.0002              0         0.0288
             71         0.0001              0         0.0158
             72         0.0001              0        -0.0158
             73         0.0002              0         0.0584
             74         0.0001              0         0.0254
             75         0.0001              0         0.0254
             76          5e-05              0         0.1807
             77          5e-05              0        -0.0235
             78         0.0001              0        -0.0372
             79         0.0001              0          -0.12
             80        0.00015              0         0.2883
             81         0.0001              0         -0.297
             82              0              0        -0.0638
             83              0              0         0.3964
             84          5e-05              0        -0.1743
             85         0.0002              0        -0.5076
             86        0.00025              0         0.4143
             87        0.00025              0        -0.4143
             88        0.00035              0        -0.1453
             89        0.00045              0         0.1449
             90        0.00045              0        -0.0813
             91        0.00025              0         0.4807
             92         0.0002              0        -0.3562
             93         0.0003              0          0.103
             94        0.00035              0         0.1991
             95        0.00025              0         0.1225
             96        0.00025              0         0.0003
             97         0.0003              0        -0.3358
             98         0.0003              0         0.5572
             99         0.0004              0         0.0802
            100        0.00045              0        -0.0281
            101         0.0003              0        -0.0598
            102        0.00035              0         0.1037
            103         0.0004              0        -0.5226
            104         0.0003              0        -0.5612
            105        0.00025              0         0.1153
            106        0.00025              0         0.1153
            107        0.00035              0        -0.6019
            108         0.0004              0        -0.0296
            109        0.00025              0        -0.5527
            110         0.0003              0         0.0544
            111         0.0002              0          0.003
            112         0.0002              0        -0.1422
            113         0.0002              0         -0.051
            114         0.0002              0          0.051
            115        0.00035              0        -0.3499
            116        0.00025              0         0.0265
            117        0.00025              0         0.3383
            118        0.00035              0        -0.2603
            119         0.0002              0         0.5496
            120         0.0002              0          0.324
            121        0.00015              0         0.3209
            122        0.00025              0        -0.3399
            123         0.0002              0        -0.1406
            124         0.0002              0         -0.092
            125        0.00025              0        -0.4559
            126        0.00025              0         0.6417
            127         0.0002              0        -0.2468
            128        0.00025              0        -0.3463
            129        0.00025              0         0.6953
            130        0.00025              0         0.6953
            131        0.00025              0         0.6735
            132        0.00025              0        -0.6859
            133        0.00025              0        -0.4269
            134        0.00025              0        -0.4269
            135        0.00025              0        -0.1137
            136        0.00015              0         0.1727
            137        0.00015              0        -0.3997
            138        0.00015              0        -0.2965
            139        0.00015              0         0.1171
            140              0              0         0.1154
            141              0              0        -0.3066
            142              0              0         0.0656
            143              0              0        -0.0656
            144              0              0        -0.0656
            145              0              0          0.037
            146              0              0         0.5596
            147              0              0        -0.1656
            148          5e-05              0        -0.3147
            149          5e-05              0        -0.0763
            150          5e-05              0         0.4035
            151         0.0001              0          0.042
            152         0.0001              0         -0.163
            153              0              0          0.362
            154              0              0        -0.3344
            155              0              0        -0.3508
            156          5e-05              0        -0.3617
            157         0.0001              0        -0.0102
            158        0.00015              0         0.2301
            159        0.00015              0        -0.2583
            160        0.00025              0         0.0893
            161        0.00025              0        -0.0923
            162        0.00035              0         0.3239
            163        0.00035              0        -0.3107
            164        0.00015              0        -0.2727
            165        0.00025              0         0.0025
            166        0.00025              0        -0.3351
            167        0.00015              0         0.0639
            168        0.00025              0        -0.3469
            169        0.00025              0        -0.2069
            170         0.0003              0         0.1444
            171        0.00025              0        -0.3467
            172        0.00035              0         0.0163
            173        0.00035              0         0.1997
            174         0.0003              0        -0.6848
            175         0.0002              0        -0.0006
            176         0.0002              0        -0.3364
            177         0.0002              0        -0.1444
            178         0.0001              0         -0.179
            179        0.00025              0        -0.0825
            180        0.00015              0        -0.1369
            181        0.00015              0        -0.1231
            182        0.00015              0        -0.2675
            183        0.00015              0        -0.0189
            184        0.00015              0        -0.0189
            185        0.00015              0        -0.0189
            186         0.0002              0         0.2252
            187         0.0003              0         0.5168
            188         0.0003              0         0.2884
            189        0.00045              0         0.2765
            190        0.00045              0         0.3395
            191        0.00035              0        -0.1451
            192        0.00035              0        -0.1633
            193        0.00045              0         0.2109
            194        0.00055              0         0.3181
            195        0.00035              0         0.5069
            196        0.00015              0        -0.2669
            197         0.0002              0         -0.495
            198        0.00025              0        -0.4689
            199         0.0002              0        -0.0842
            200         0.0002              0        -0.0842
            201         0.0001              0         0.0704
            202         0.0001              0         0.0704
            203        0.00015              0         0.0343
            204              0              0         0.5758
            205              0              0          0.928
            206              0              0         0.8802
            207              0              0         0.8802
            208              0              0         0.8802
            209              0              0        -0.8802
            210         0.0001              0         -0.501
            211        0.00015              0        -0.5013
            212        0.00015              0        -0.5579
            213         0.0001              0        -0.4574
            214        0.00015              0         0.2081
            215         0.0001              0         -0.171
            216          5e-05              0         0.4945
            217          5e-05              0        -0.8283
            218          5e-05              0         0.7679
            219         0.0001              0         0.0052
            220        0.00015              0        -0.2159
            221         0.0002              0        -0.1122
            222        0.00035              0        -0.0391
            223         0.0003              0        -0.4252
            224        0.00035              0         0.1091
            225        0.00025              0        -0.1925
            226        0.00015              0        -0.4283
            227         0.0001              0         -0.491
            228         0.0001              0         0.4672
            229              0              0         -0.396
            230         0.0001              0        -0.0814
            231         0.0001              0         0.1556
            232        0.00015              0         0.3015
            233          5e-05              0        -0.5611
            234          5e-05              0         0.6001
            235          5e-05              0         0.0511
            236          5e-05              0        -0.4051
            237         0.0001              0        -0.3372
            238        0.00025              0         0.4731
            239         0.0002              0         0.1548
            240          5e-05              0         0.3409
            241              0              0        -0.2832
            242              0              0        -0.0924
            243              0              0         0.1362
            244              0              0         0.1362
            245         0.0001              0         0.5796
            246         0.0001              0         0.6812
            247          5e-05              0        -0.4509
            248          5e-05              0        -0.4515
            249          5e-05              0        -0.2039
            250              0              0         -0.108
            251              0              0         -0.108
            252              0              0         -0.108
            253              0              0         0.3952
            254         0.0001              0           0.33
            255         0.0003              0         0.0682
            256        0.00035              0        -0.0901
            257         0.0003              0         0.0066
            258        0.00025              0         0.0537
            259        0.00015              0         0.2359
            260         0.0002              0        -0.0034
            261        0.00035              0         0.0815
            262        0.00035              0         0.0359
            263         0.0003              0        -0.2402
            264        0.00025              0         0.1551
            265          5e-05              0        -0.3565
            266          5e-05              0         0.2953
            267        0.00015              0         0.4757
            268        0.00015              0         0.2559
            269         0.0001              0         0.1802
            270          5e-05              0         0.9337
            271          5e-05              0        -0.5041
            272        0.00015              0        -0.1161
            273        0.00015              0        -0.5301
            274         0.0002              0        -0.4124
            275              0              0        -0.2708
            276          5e-05              0        -0.3945
            277         0.0001              0        -0.5724
            278          5e-05              0        -0.2627
            279          5e-05              0        -0.2589
            280         0.0001              0        -0.4122
            281          5e-05              0        -0.7225
            282          5e-05              0        -0.0437
            283          5e-05              0         0.7013
            284          5e-05              0         0.7013
            285         0.0001              0          0.018
            286         0.0001              0        -0.5784
            287        0.00015              0         0.2707
            288        0.00015              0         0.2707
            289        0.00015              0        -0.2707
            290         0.0002              0        -0.5296
            291         0.0002              0        -0.1106
            292        0.00015              0        -0.0173
            293        0.00015              0         0.2501
            294          5e-05              0        -0.2815
            295         0.0001              0         0.3066
            296          5e-05              0        -0.6713
            297         0.0001              0        -0.3476
            298         0.0001              0         0.0644
            299         0.0002              0         -0.475
            300         0.0003              0         0.2902
            301        0.00035              0         0.3537
            302         0.0002              0         0.0634
            303         0.0002              0         0.1266
            304         0.0001              0        -0.2968
            305        0.00015              0         0.2285
            306         0.0002              0         0.0558
            307         0.0001              0         0.5216
            308        0.00015              0         0.2003
            309         0.0001              0        -0.3268
            310         0.0001              0        -0.1586
            311          5e-05              0         0.1685
            312          5e-05              0        -0.1685
            313              0              0         0.8872
            314          5e-05              0        -0.2433
            315          5e-05              0         0.2433
            316          5e-05              0         0.4513
            317          5e-05              0        -0.4513
            318         0.0001              0         0.1926
            319          5e-05              0        -0.3303
            320          5e-05              0        -0.1611
            321          5e-05              0        -0.1611
            322        0.00015              0         0.0969
            323        0.00025              0         0.1083
            324        0.00025              0        -0.1083
            325        0.00025              0         0.1083
            326        0.00025              0        -0.0631
            327        0.00015              0         0.1347
            328        0.00015              0        -0.0283
            329         0.0001              0         0.0952
            330         0.0002              0         0.0354
            331        0.00015              0        -0.7157
            332         0.0001              0        -0.1066
            333         0.0001              0         0.1066
            334         0.0001              0           0.06
            335         0.0002              0        -0.0106
            336         0.0002              0        -0.0998
            337         0.0003              0         0.2254
            338        0.00025              0         0.0105
            339        0.00025              0         0.0105
            340         0.0002              0        -0.8104
            341         0.0002              0        -0.8104
            342         0.0004              0          0.503
            343         0.0004              0          0.503
            344        0.00045              0        -0.4269
            345        0.00045              0        -0.4269
            346        0.00045              0        -0.1685
            347        0.00035              0        -0.0197
            348        0.00035              0        -0.0577
            349         0.0003              0         0.0502
            350         0.0002              0         0.0322
            351         0.0002              0         0.4812
            352         0.0002              0          0.052
            353         0.0002              0        -0.1574
            354         0.0002              0         0.1574
            355         0.0003              0          0.148
            356         0.0003              0         -0.148
            357         0.0004              0        -0.6674
            358        0.00025              0        -0.3485
            359         0.0002              0         0.2146
            360        0.00015              0         0.2123
            361        0.00015              0        -0.2123
            362         0.0002              0         0.4174
            363         0.0001              0        -0.6308
            364         0.0002              0        -0.1886
            365        0.00025              0        -0.0063
            366         0.0002              0         -0.409
            367         0.0002              0        -0.6626
            368         0.0002              0         0.5376
            369         0.0001              0        -0.6082
            370         0.0002              0         0.8702
            371        0.00025              0         0.5447
            372         0.0002              0         0.2022
            373         0.0002              0        -0.0836
            374        0.00025              0         0.3351
            375        0.00035              0        -0.2349
            376        0.00035              0         0.4599
            377         0.0003              0        -0.2548
            378         0.0001              0         0.2322
            379        0.00015              0         0.4115
            380         0.0001              0         0.1696
            381          5e-05              0         0.1623
            382        0.00015              0         0.2529
            383        0.00015              0         0.2529
            384        0.00025              0         0.2497
            385         0.0002              0        -0.2896
            386         0.0002              0        -0.1266
            387         0.0002              0         0.1476
            388         0.0002              0         0.1782
            389        0.00015              0        -0.5603
            390        0.00015              0        -0.1355
            391         0.0001              0        -0.1628
            392         0.0001              0         -0.002
            393        0.00015              0         0.3147
            394        0.00015              0        -0.1867
            395         0.0002              0         -0.257
            396          5e-05              0        -0.1355
            397          5e-05              0        -0.1603
            398         0.0001              0         0.0066
            399         0.0001              0        -0.0522
            400        0.00015              0        -0.1365
            401        0.00015              0        -0.5705
            402         0.0002              0        -0.7998
            403         0.0001              0          0.605
            404         0.0001              0         -0.605
            405         0.0001              0        -0.4268
            406         0.0001              0         0.1684
            407          5e-05              0         0.1993
            408          5e-05              0        -0.0243
            409         0.0001              0         0.4748
            410          5e-05              0        -0.1489
            411          5e-05              0        -0.0759
            412         0.0001              0        -0.0158
            413          5e-05              0         0.1237
            414          5e-05              0        -0.2521
            415          5e-05              0         0.1375
            416              0              0        -0.0444
            417              0              0         0.0444
            418              0              0         0.1688
            419              0              0         0.6148
            420          5e-05              0         0.0407
            421              0              0         -0.671
            422         0.0001              0        -0.3074
            423         0.0001              0          0.272
            424         0.0001              0        -0.2946
            425        0.00015              0         0.2333
            426         0.0001              0         0.4294
            427         0.0001              0         0.4294
            428         0.0001              0         0.2982
            429         0.0001              0         0.0828
            430        0.00015              0         0.2773
            431        0.00015              0        -0.6091
            432         0.0003              0         0.6926
            433        0.00025              0         0.8137
            434        0.00025              0        -0.8867
            435         0.0002              0         0.3914
            436        0.00025              0        -0.4467
            437         0.0002              0         0.4182
            438         0.0002              0        -0.2758
            439        0.00015              0         0.3375
            440          5e-05              0        -0.4115
            441              0              0         -0.673
            442          5e-05              0        -0.3645
            443        0.00015              0        -0.3365
            444        0.00015              0         0.3365
            445         0.0002              0        -0.0804
            446        0.00015              0        -0.3831
            447         0.0002              0         0.6286
            448         0.0002              0        -0.1364
            449         0.0001              0         0.4008
            450              0              0         0.5988
            451         0.0001              0          0.208
            452         0.0001              0          0.061
            453          5e-05              0         0.0523
            454         0.0001              0         0.3238
            455         0.0001              0        -0.3238
            456        0.00015              0         0.5427
            457         0.0001              0         0.6338
            458         0.0001              0          0.437
            459         0.0001              0         -0.492
            460        0.00015              0        -0.2901
            461        0.00015              0        -0.2901
            462        0.00025              0        -0.0273
            463         0.0004              0         0.0448
            464         0.0004              0         0.0006
            465        0.00025              0         0.2743
            466         0.0003              0           0.28
            467        0.00025              0         0.2953
            468         0.0003              0        -0.1942
            469        0.00025              0         0.0337
            470         0.0002              0         0.1214
            471         0.0001              0         0.1298
            472        0.00015              0        -0.2341
            473        0.00015              0        -0.2341
            474         0.0001              0         -0.146
            475         0.0001              0         0.4252
            476         0.0001              0        -0.8368
            477         0.0001              0        -0.6062
            478         0.0001              0          0.579
            479         0.0001              0         -0.688
            480         0.0002              0         -0.151
            481        0.00015              0        -0.5873
            482        0.00015              0         0.2679
            483         0.0001              0        -0.0642
            484         0.0001              0        -0.0642
            485         0.0001              0         0.0994
            486              0              0        -0.1092
            487              0              0        -0.1092
            488              0              0        -0.1092
            489              0              0        -0.4156
            490              0              0          -0.34
            491              0              0          0.196
            492              0              0         0.1168
            493        0.00015              0        -0.6133
            494        0.00015              0         0.6133
            495        0.00015              0         0.6133
            496        0.00015              0        -0.5789
            497         0.0002              0         -0.375
            498        0.00015              0        -0.1047
            499        0.00025              0        -0.2327
            500         0.0002              0         0.0728
            501          5e-05              0         0.3903
            502          5e-05              0         0.3903
            503          5e-05              0         0.0401
            504          5e-05              0         0.0401
            505          5e-05              0        -0.0401
            506              0              0        -0.9088
            507              0              0         -0.609
            508        0.00015              0        -0.6321
            509         0.0002              0         0.0738
            510          5e-05              0         0.2173
            511          5e-05              0         0.2173
            512          5e-05              0         0.2173
            513         0.0001              0          0.102
            514         0.0001              0         0.2194
            515         0.0002              0        -0.2992
            516          5e-05              0         0.0171
            517         0.0001              0         0.5092
            518         0.0001              0         0.3598
            519        0.00015              0         0.4671
            520         0.0002              0         0.4716
            521         0.0002              0         0.5526
            522         0.0002              0         0.6112
            523         0.0002              0         -0.366
            524        0.00015              0         0.6263
            525         0.0002              0         0.5652
            526         0.0002              0         0.5246
            527         0.0002              0         0.2888
            528        0.00025              0        -0.2531
            529        0.00025              0         0.2531
            530         0.0002              0         0.0182
            531        0.00015              0         0.3659
            532        0.00015              0        -0.0815
            533        0.00015              0         0.1049
            534        0.00015              0         0.2383
            535          5e-05              0         0.0307
            536              0              0           0.39
            537         0.0001              0        -0.6034
            538         0.0001              0         0.6034
            539          5e-05              0        -0.0103
            540          5e-05              0        -0.0103
            541         0.0001              0        -0.3336
            542          5e-05              0        -0.2501
            543         0.0002              0        -0.0862
            544        0.00025              0        -0.3347
            545         0.0002              0        -0.2784
            546        0.00015              0         0.0315
            547        0.00015              0         0.0315
            548        0.00015              0        -0.0315
            549        0.00025              0        -0.2723
            550        0.00025              0        -0.5471
            551         0.0002              0        -0.0894
            552         0.0003              0        -0.1536
            553        0.00025              0        -0.1157
            554        0.00025              0         0.3053
            555         0.0003              0        -0.0804
            556         0.0003              0        -0.1098
            557         0.0002              0        -0.4186
            558         0.0001              0         0.4324
            559          5e-05              0         0.4189
            560          5e-05              0        -0.1893
            561          5e-05              0        -0.1893
            562          5e-05              0        -0.1893
            563          5e-05              0        -0.1893
            564          5e-05              0        -0.1893
            565         0.0001              0        -0.2218
            566        0.00015              0        -0.6477
            567         0.0001              0          0.535
            568          5e-05              0        -0.4117
            569         0.0002              0         0.2004
            570         0.0002              0        -0.1522
            571         0.0002              0         0.2572
            572         0.0003              0        -0.3402
            573         0.0003              0         -0.106
            574         0.0003              0        -0.0092
            575         0.0004              0        -0.3762
            576        0.00035              0        -0.5731
            577        0.00035              0         0.5977
            578        0.00035              0         0.5977
            579        0.00035              0         0.5977
            580        0.00035              0         0.5977
            581        0.00035              0         0.5977
            582        0.00035              0         0.5977
            583        0.00035              0         0.5977
            584        0.00035              0         0.5977
            585        0.00035              0         0.5977
            586        0.00035              0         0.5977
            587        0.00035              0         0.5977
            588        0.00035              0         0.5977
            589        0.00025              0        -0.2799
            590        0.00025              0         0.5345
            591        0.00015              0        -0.4927
            592        0.00015              0        -0.1375
            593        0.00015              0         0.0317
            594        0.00025              0        -0.3843
            595        0.00035              0         0.2643
            596        0.00025              0         0.3945
            597        0.00015              0        -0.8735
            598        0.00015              0         0.8735
            599          5e-05              0         0.9769
            600         0.0001              0         0.0194
            601        0.00015              0         0.6871
            602         0.0001              0        -0.2612
            603         0.0001              0         0.2612
            604        0.00015              0         0.5475
            605        0.00015              0         0.5399
            606         0.0001              0         0.1076
            607        0.00015              0        -0.2015
            608        0.00015              0        -0.2015
            609        0.00015              0         0.0141
            610         0.0001              0         0.0668
            611         0.0001              0        -0.0668
            612         0.0001              0         0.0668
            613        0.00015              0         0.2631
            614        0.00015              0         0.2487
            615        0.00025              0        -0.6599
            616        0.00025              0        -0.2755
            617         0.0003              0         0.1806
            618         0.0003              0         0.1806
            619         0.0002              0         -0.367
            620         0.0002              0        -0.0378
            621         0.0001              0         0.5112
            622          5e-05              0         0.1585
            623         0.0001              0        -0.1686
            624              0              0         0.2176
            625              0              0        -0.1588
            626              0              0         0.0114
            627              0              0        -0.3172
            628              0              0         0.3172
            629         0.0001              0         0.7752
            630          5e-05              0        -0.3235
            631          5e-05              0        -0.2545
            632          5e-05              0         0.2545
            633          5e-05              0         0.1163
            634         0.0001              0         0.0042
            635         0.0001              0         0.0964
            636         0.0001              0        -0.0964
            637          5e-05              0         0.1917
            638          5e-05              0         0.1917
            639          5e-05              0        -0.2035
            640        0.00015              0         0.1727
            641         0.0002              0         0.3058
            642        0.00015              0         0.1899
            643        0.00015              0         0.2941
            644        0.00015              0         0.1759
            645          5e-05              0         0.4149
            646         0.0001              0        -0.8014
            647         0.0001              0         0.1656
            648        0.00015              0        -0.1009
            649          5e-05              0         0.6353
            650              0              0         0.4064
            651         0.0001              0        -0.0298
            652              0              0        -0.0348
            653              0              0        -0.0604
            654          5e-05              0        -0.2347
            655          5e-05              0        -0.2549
            656         0.0001              0         0.0718
            657          5e-05              0         0.5089
            658          5e-05              0         0.4499
            659         0.0002              0         0.2226
            660         0.0002              0        -0.2226
            661         0.0002              0         0.0638
            662         0.0003              0          0.005
            663        0.00015              0        -0.1437
            664          5e-05              0         0.1845
            665              0              0         0.0388
            666          5e-05              0         0.2791
            667         0.0001              0        -0.0562
            668         0.0001              0        -0.3578
            669        0.00015              0         0.3327
            670         0.0001              0         0.0508
            671         0.0001              0          0.176
            672         0.0001              0         0.3886
            673          5e-05              0        -0.6405
            674         0.0001              0         0.2062
            675        0.00015              0        -0.0675
            676        0.00015              0         0.4461
            677        0.00015              0        -0.3569
            678         0.0002              0        -0.3724
            679        0.00015              0         0.6117
            680         0.0002              0         -0.556
            681        0.00015              0         0.3175
            682        0.00025              0         0.2973
            683        0.00025              0        -0.4253
            684         0.0003              0         0.3284
            685        0.00025              0        -0.2929
            686        0.00015              0        -0.0065
            687         0.0001              0        -0.2456
            688         0.0001              0        -0.2456
            689         0.0001              0        -0.2456
            690         0.0001              0         0.5188
            691         0.0001              0         0.5188
            692         0.0002              0         0.4142
            693        0.00015              0        -0.2301
            694        0.00015              0         0.0405
            695         0.0002              0        -0.1198
            696        0.00025              0         0.0067
            697         0.0003              0          0.071
            698         0.0003              0        -0.2134
            699         0.0002              0        -0.2944
            700         0.0002              0        -0.4136
            701        0.00015              0        -0.8425
            702         0.0002              0         0.8102
            703         0.0002              0           -0.5
            704        0.00015              0         0.0017
            705          5e-05              0        -0.3977
            706         0.0001              0         0.3604
            707        0.00015              0         0.2853
            708          5e-05              0         0.2677
            709          5e-05              0         0.2699
            710              0              0        -0.2394
            711              0              0         0.2394
            712          5e-05              0        -0.2855
            713          5e-05              0         0.3847
            714          5e-05              0         0.2059
            715          5e-05              0         0.3445
            716          5e-05              0         0.1971
            717              0              0         0.5436
            718          5e-05              0         0.5651
            719         0.0002              0         0.1396
            720        0.00015              0         0.0901
            721        0.00025              0        -0.2225
            722        0.00025              0         0.2225
            723        0.00025              0         0.2225
            724        0.00025              0        -0.0675
            725        0.00025              0        -0.2365
            726        0.00025              0        -0.3015
            727         0.0002              0         0.2014
            728        0.00015              0         0.2961
            729         0.0001              0        -0.5198
            730         0.0001              0         0.2542
            731         0.0001              0         0.2542
            732        0.00015              0         0.3331
            733        0.00015              0        -0.3331
            734         0.0002              0        -0.5754
            735        0.00015              0        -0.3367
            736         0.0002              0         0.1362
            737         0.0002              0        -0.2858
            738        0.00035              0        -0.2239
            739         0.0002              0        -0.1838
            740         0.0002              0        -0.1812
            741        0.00015              0         0.3323
            742        0.00015              0        -0.3323
            743         0.0001              0        -0.6928
            744         0.0001              0        -0.2072
            745         0.0001              0        -0.0122
            746         0.0001              0        -0.0122
            747          5e-05              0        -0.4277
            748         0.0001              0        -0.9418
            749         0.0001              0        -0.3822
            750        0.00015              0         0.0205
            751         0.0002              0        -0.3766
            752         0.0002              0        -0.3162
            753         0.0003              0         0.1756
            754        0.00035              0         0.4001
            755         0.0002              0        -0.0696
            756        0.00015              0        -0.2701
            757         0.0001              0        -0.7588
            758              0              0          0.391
            759              0              0        -0.1722
            760              0              0        -0.3092
            761              0              0         0.0162
            762              0              0        -0.8782
            763              0              0        -0.3762
            764              0              0        -0.3158
            765              0              0         0.5266
            766        0.00015              0        -0.0691
            767         0.0002              0         0.0858
            768         0.0002              0        -0.1326
            769         0.0002              0        -0.4916
            770        0.00015              0         0.2497
            771         0.0003              0         -0.276
            772        0.00025              0         0.6835
            773        0.00035              0         0.6415
            774         0.0003              0         0.0176
            775        0.00015              0         0.0951
            776        0.00015              0        -0.1877
            777         0.0001              0          0.036
            778         0.0002              0          -0.03
            779        0.00015              0        -0.0223
            780         0.0001              0        -0.0286
            781        0.00015              0        -0.3725
            782         0.0003              0        -0.4474
            783         0.0003              0         0.1722
            784         0.0003              0        -0.4362
            785         0.0003              0         0.4968
            786        0.00025              0        -0.6775
            787        0.00025              0        -0.7127
            788         0.0001              0         0.6574
            789        0.00015              0        -0.3979
            790        0.00015              0        -0.1943
            791         0.0002              0          0.544
            792         0.0001              0        -0.7404
            793         0.0001              0         0.7706
            794        0.00015              0        -0.2323
            795        0.00015              0         0.4011
            796          5e-05              0        -0.2515
            797          5e-05              0        -0.2515
            798         0.0001              0         0.3068
            799          5e-05              0         0.6143
            800        0.00025              0         0.4739
            801         0.0003              0         0.1734
            802         0.0003              0         0.5558
            803        0.00025              0         0.2079
            804         0.0002              0        -0.0644
            805        0.00025              0         0.1755
            806        0.00025              0        -0.0351
            807         0.0002              0         0.1146
            808         0.0002              0        -0.1146
            809         0.0001              0         -0.577
            810         0.0001              0         0.8294
            811         0.0001              0         0.0456
            812        0.00025              0        -0.5123
            813        0.00025              0         0.3147
            814         0.0002              0         0.1812
            815         0.0002              0         0.1812
            816         0.0002              0         -0.484
            817        0.00015              0         0.6821
            818         0.0001              0        -0.2528
            819         0.0001              0         0.0818
            820         0.0001              0         0.0818
            821        0.00025              0         0.5247
            822         0.0002              0         0.6394
            823         0.0002              0         0.6666
            824         0.0001              0         -0.896
            825          5e-05              0        -0.0339
            826         0.0001              0        -0.0782
            827          5e-05              0         0.6879
            828        0.00025              0         0.1379
            829        0.00035              0        -0.0697
            830         0.0003              0         -0.499
            831         0.0004              0        -0.1804
            832        0.00035              0        -0.1605
            833         0.0003              0         0.1464
            834         0.0003              0         0.6178
            835        0.00035              0        -0.0727
            836        0.00035              0         0.2073
            837         0.0002              0          0.076
            838        0.00015              0        -0.3803
            839         0.0001              0           0.26
            840         0.0001              0           0.26
            841         0.0001              0        -0.4658
            842          5e-05              0        -0.4551
            843         0.0001              0        -0.4148
            844         0.0001              0         0.4148
            845         0.0002              0        -0.2922
            846         0.0002              0          0.102
            847        0.00015              0         0.2847
            848         0.0001              0         0.0728
            849         0.0001              0         0.1134
            850        0.00015              0         0.5807
            851        0.00015              0        -0.2989
            852        0.00015              0         0.5931
            853          5e-05              0        -0.4031
            854        0.00015              0        -0.5651
            855         0.0001              0         0.0098
            856        0.00015              0         0.0383
            857        0.00015              0        -0.1675
            858        0.00015              0         0.1675
            859         0.0002              0          0.678
            860         0.0001              0        -0.2902
            861         0.0001              0        -0.2902
            862         0.0003              0         0.3074
            863         0.0003              0         0.3658
            864        0.00015              0         0.1409
            865         0.0002              0        -0.1162
            866         0.0002              0         0.1162
            867         0.0003              0        -0.1542
            868         0.0003              0         0.0366
            869         0.0003              0        -0.4194
            870         0.0004              0         0.3516
            871         0.0002              0         -0.782
            872         0.0003              0        -0.2946
            873         0.0002              0         0.4036
            874        0.00025              0         0.5247
            875         0.0001              0         0.1114
            876         0.0002              0         0.2922
            877         0.0002              0        -0.3086
            878         0.0001              0         0.6198
            879         0.0001              0        -0.6198
            880        0.00015              0         0.5147
            881         0.0002              0          0.644
            882         0.0002              0          0.654
            883        0.00015              0         0.6421
            884        0.00015              0        -0.5943
            885        0.00015              0         0.0437
            886        0.00015              0        -0.5187
            887         0.0002              0         0.6314
            888         0.0002              0        -0.6314
            889        0.00015              0         0.7973
            890        0.00015              0        -0.7973
            891         0.0002              0        -0.2086
            892         0.0001              0        -0.3452
            893          5e-05              0        -0.5025
            894          5e-05              0         0.3435
            895          5e-05              0        -0.3435
            896         0.0001              0         0.7168
            897        0.00015              0        -0.2071
            898         0.0002              0         0.6798
            899         0.0002              0         0.6798
            900         0.0002              0         0.6798
            901        0.00025              0         0.7141
            902        0.00035              0        -0.6255
            903        0.00025              0        -0.6157
            904         0.0004              0        -0.2184
            905         0.0003              0        -0.0694
            906         0.0003              0        -0.0694
            907              0              0              1
            908         0.0001              0         0.3196
            909         0.0001              0        -0.3196
            910         0.0001              0        -0.3196
            911         0.0001              0         -0.802
            912          5e-05              0         0.0273
            913              0              0        -0.8644
            914              0              0         0.8644
            915              0              0         0.1138
            916              0              0         0.1138
            917              0              0         0.1138
            918              0              0         0.1138
            919              0              0         0.1138
            920              0              0         0.1138
            921              0              0         0.1138
            922              0              0         0.1138
            923              0              0         0.1138
            924              0              0         0.1138
            925              0              0         0.1138
            926              0              0         0.1138
            927              0              0         0.1138
            928              0              0         0.1138
            929              0              0         0.1138
            930              0              0         0.1138
            931              0              0         0.1138
            932              0              0         0.1138
            933              0              0         0.1138
            934              0              0         0.1138
            935              0              0         0.1138
            936              0              0         0.1138
            937              0              0         0.1138
            938              0              0         0.1138
            939              0              0         0.1138
            940              0              0         0.1138
            941              0              0         0.1138
            942          5e-05              0        -0.3543
            943         0.0001              0         0.0038
            944         0.0001              0         0.3304
            945         0.0002              0         -0.092
            946         0.0002              0         -0.082
            947         0.0002              0         0.1054
            948         0.0002              0         0.0818
            949         0.0002              0         0.2118
            950         0.0002              0         0.6424
            951         0.0002              0        -0.5528
            952         0.0001              0         0.3372
            953         0.0001              0         0.2886
            954         0.0001              0         0.2956
            955        0.00015              0        -0.5203
            956        0.00015              0         0.2599
            957        0.00025              0         0.2557
            958         0.0002              0         0.1348
            959         0.0002              0         0.1348
            960         0.0002              0         0.1708
            961        0.00025              0         0.0483
            962         0.0002              0         0.1836
            963         0.0002              0         0.1856
            964         0.0002              0        -0.1856
            965        0.00025              0        -0.4351
            966         0.0004              0        -0.0192
            967         0.0003              0         0.0268
            968        0.00045              0         0.0443
            969        0.00035              0        -0.8019
            970         0.0003              0        -0.4694
            971         0.0004              0          0.083
            972         0.0004              0         0.2314
            973        0.00025              0         0.5643
            974         0.0004              0        -0.1024
            975        0.00035              0         0.0393
            976         0.0003              0         0.0702
            977        0.00015              0        -0.4095
            978        0.00015              0         0.3629
            979        0.00015              0         0.3121
            980         0.0002              0         0.3614
            981         0.0002              0         0.3614
            982         0.0001              0         0.0934
            983         0.0001              0         0.2676
            984         0.0001              0         -0.116
            985          5e-05              0        -0.0803
            986          5e-05              0         0.0803
            987        0.00015              0        -0.3713
            988         0.0002              0         -0.105
            989        0.00015              0         0.1249
            990         0.0001              0        -0.5912
            991          5e-05              0         0.0889
            992         0.0001              0         0.1052
            993              0              0          0.557
            994         0.0002              0        -0.7596
            995        0.00025              0        -0.2529
            996        0.00025              0         0.4361
            997        0.00025              0        -0.0613
            998        0.00025              0        -0.0613
            999        0.00015              0         0.5093
           1000         0.0001              0         0.0396
